
Cadence (R) Virtuoso (R) Spectre (R) Circuit Simulator
Version 6.2.1.170 -- 10 Feb 2008
Copyright (C) 1989-2007 Cadence Design Systems, Inc. All rights reserved
        worldwide. Cadence, Virtuoso and Spectre are registered trademarks of
        Cadence Design Systems, Inc. All others are the property of their
        respective holders.

Protected by U.S. Patents: 5,610,847; 5,790,436; 5,812,431; 5,859,785;
        5,949,992; 5,987,238; 6,088,523; 6,101,323; 6,151,698; 6,181,754;
        6,260,176; 6,278,964; 6,349,272; 6,374,390; 6,493,849; 6,504,885;
        6,618,837; 6,636,839; 6,778,025; 6,832,358; 6,851,097; 6,928,626;
        7,024,652; 7,035,782; 7,085,700; 7,143,021.

Includes RSA BSAFE(R) Cryptographic or Security Protocol Software from RSA
        Security, Inc.

Simulating `si.inp' on daisy at 9:46:16 PM, Tue Feb 18, 2014.

Notice from spectre during topology check.
    Only one connection to the following 4 nodes:
        gnd!
        da_0
        da_1
        da_2


Circuit inventory:
              nodes 33
          equations 199
              bsim4 40    
          capacitor 2     
            vsource 6     


*************************************************
Transient Analysis `tran1': time = (0 s -> 10 ns)
*************************************************

Notice from spectre during IC analysis, during transient analysis `tran1'.
    Gmin = 1 pS is large enough to noticeably affect the DC solution.
        dV(I0.M5:dbnode) = 10.7758 mV
        Use the `gmin_check' option to eliminate or expand this report.

Important parameter values:
    start = 0 s
    outputstart = 0 s
    stop = 10 ns
    step = 100 ps
    maxstep = 200 ps
    ic = all
    skipdc = no
    reltol = 1e-03
    abstol(V) = 1 uV
    abstol(I) = 1 pA
    temp = 27 C
    tnom = 27 C
    tempeffects = all
    errpreset = moderate
    method = traponly
    lteratio = 3.5
    relref = sigglobal
    cmin = 0 F
    gmin = 1 pS
    maxrsd = 0 Ohm
    mos_method = s
    mos_vres = 50 mV

......9......8......7......6......5......4......3......2......1......0
Number of accepted tran steps = 186.
Initial condition solution time = 0 s.
Intrinsic tran analysis time = 70 ms.
Total time required for tran analysis `tran1' was 80 ms.


Aggregate audit (9:46:16 PM, Tue Feb 18, 2014):
Time used: CPU = 189 ms, elapsed = 189 ms, util. = 100%.
Time spent in licensing: elapsed = 20 ms, percentage of total = 10.6%.
Virtual memory used = 5.07 Mbytes.
spectre completes with 0 errors, 0 warnings, and 2 notices.
